
Showing logs for build [32mprasadsajja-mjfwnj-master-1[0m stage [32mfrom-build-pack[0m and container [32mstep-credential-initializer-nch78[0m
{"level":"warn","ts":1574351584.7891548,"logger":"fallback-logger","caller":"logging/config.go:69","msg":"Fetch GitHub commit ID from kodata failed: \"ref: refs/heads/master\" is not a valid GitHub commit ID"}
{"level":"info","ts":1574351584.7916093,"logger":"fallback-logger","caller":"creds-init/main.go:40","msg":"Credentials initialized."}

Showing logs for build [32mprasadsajja-mjfwnj-master-1[0m stage [32mfrom-build-pack[0m and container [32mstep-working-dir-initializer-s7696[0m
{"level":"warn","ts":1574351587.98516,"logger":"fallback-logger","caller":"logging/config.go:69","msg":"Fetch GitHub commit ID from kodata failed: open /var/run/ko/HEAD: no such file or directory"}
{"level":"info","ts":1574351587.9861493,"logger":"fallback-logger","caller":"bash/main.go:65","msg":"Successfully executed command \"mkdir -p /workspace/source\""}

Showing logs for build [32mprasadsajja-mjfwnj-master-1[0m stage [32mfrom-build-pack[0m and container [32mstep-place-tools[0m

Showing logs for build [32mprasadsajja-mjfwnj-master-1[0m stage [32mfrom-build-pack[0m and container [32mstep-git-source-prasadsajja-mjfwnj-master-glvpv[0m
{"level":"warn","ts":1574351615.0527298,"logger":"fallback-logger","caller":"logging/config.go:69","msg":"Fetch GitHub commit ID from kodata failed: \"ref: refs/heads/master\" is not a valid GitHub commit ID"}
{"level":"info","ts":1574351615.320996,"logger":"fallback-logger","caller":"git/git.go:102","msg":"Successfully cloned https://github.com/***********/mjfwnj.git @ v0.0.1 in path /workspace/source"}

Showing logs for build [32mprasadsajja-mjfwnj-master-1[0m stage [32mfrom-build-pack[0m and container [32mstep-git-merge[0m
Using SHAs from PULL_REFS=master:8ce979166107fc529549d16fdb0091d84e7c1d74
WARNING: no SHAs to merge, falling back to initial cloned commit

Showing logs for build [32mprasadsajja-mjfwnj-master-1[0m stage [32mfrom-build-pack[0m and container [32mstep-setup-jx-git-credentials[0m
Generated Git credentials file /workspace/xdg_config/git/credentials

Showing logs for build [32mprasadsajja-mjfwnj-master-1[0m stage [32mfrom-build-pack[0m and container [32mstep-build-mvn-deploy[0m
Picked up _JAVA_OPTIONS: -XX:+UnlockExperimentalVMOptions -XX:+UseCGroupMemoryLimitForHeap -Dsun.zip.disableMemoryMapping=true -XX:+UseParallelGC -XX:MinHeapFreeRatio=5 -XX:MaxHeapFreeRatio=10 -XX:GCTimeRatio=4 -XX:AdaptiveSizePolicyWeight=90 -Xms10m -Xmx192m
OpenJDK 64-Bit Server VM warning: If the number of processors is expected to increase from one, then you should configure the number of parallel GC threads appropriately using -XX:ParallelGCThreads=N
[INFO] Scanning for projects...
[INFO] 
[INFO] -------------------------< com.example:mjfwnj >-------------------------
[INFO] Building demo 0.0.1
[INFO] --------------------------------[ jar ]---------------------------------
[INFO] 
[INFO] --- maven-clean-plugin:3.1.0:clean (default-clean) @ mjfwnj ---
[INFO] 
[INFO] --- maven-resources-plugin:3.1.0:resources (default-resources) @ mjfwnj ---
[INFO] Using 'UTF-8' encoding to copy filtered resources.
[INFO] Copying 1 resource
[INFO] Copying 0 resource
[INFO] 
[INFO] --- maven-compiler-plugin:3.8.1:compile (default-compile) @ mjfwnj ---
[INFO] Changes detected - recompiling the module!
[INFO] Compiling 1 source file to /workspace/source/target/classes
[INFO] 
[INFO] --- maven-resources-plugin:3.1.0:testResources (default-testResources) @ mjfwnj ---
[INFO] Using 'UTF-8' encoding to copy filtered resources.
[INFO] skip non existing resourceDirectory /workspace/source/src/test/resources
[INFO] 
[INFO] --- maven-compiler-plugin:3.8.1:testCompile (default-testCompile) @ mjfwnj ---
[INFO] Changes detected - recompiling the module!
[INFO] Compiling 1 source file to /workspace/source/target/test-classes
[INFO] 
[INFO] --- maven-surefire-plugin:3.0.0-M1:test (default-test) @ mjfwnj ---
[INFO] 
[INFO] -------------------------------------------------------
[INFO]  T E S T S
[INFO] -------------------------------------------------------
[INFO] Running com.example.mjfwnj.DemoApplicationTests
15:54:10.329 [main] DEBUG org.springframework.test.context.BootstrapUtils - Instantiating CacheAwareContextLoaderDelegate from class [org.springframework.test.context.cache.DefaultCacheAwareContextLoaderDelegate]
15:54:10.354 [main] DEBUG org.springframework.test.context.BootstrapUtils - Instantiating BootstrapContext using constructor [public org.springframework.test.context.support.DefaultBootstrapContext(java.lang.Class,org.springframework.test.context.CacheAwareContextLoaderDelegate)]
15:54:10.449 [main] DEBUG org.springframework.test.context.BootstrapUtils - Instantiating TestContextBootstrapper for test class [com.example.mjfwnj.DemoApplicationTests] from class [org.springframework.boot.test.context.SpringBootTestContextBootstrapper]
15:54:10.475 [main] INFO org.springframework.boot.test.context.SpringBootTestContextBootstrapper - Neither @ContextConfiguration nor @ContextHierarchy found for test class [com.example.mjfwnj.DemoApplicationTests], using SpringBootContextLoader
15:54:10.526 [main] DEBUG org.springframework.test.context.support.AbstractContextLoader - Did not detect default resource location for test class [com.example.mjfwnj.DemoApplicationTests]: class path resource [com/example/mjfwnj/DemoApplicationTests-context.xml] does not exist
15:54:10.527 [main] DEBUG org.springframework.test.context.support.AbstractContextLoader - Did not detect default resource location for test class [com.example.mjfwnj.DemoApplicationTests]: class path resource [com/example/mjfwnj/DemoApplicationTestsContext.groovy] does not exist
15:54:10.527 [main] INFO org.springframework.test.context.support.AbstractContextLoader - Could not detect default resource locations for test class [com.example.mjfwnj.DemoApplicationTests]: no resource found for suffixes {-context.xml, Context.groovy}.
15:54:10.529 [main] INFO org.springframework.test.context.support.AnnotationConfigContextLoaderUtils - Could not detect default configuration classes for test class [com.example.mjfwnj.DemoApplicationTests]: DemoApplicationTests does not declare any static, non-private, non-final, nested classes annotated with @Configuration.
15:54:10.576 [main] DEBUG org.springframework.test.context.support.ActiveProfilesUtils - Could not find an 'annotation declaring class' for annotation type [org.springframework.test.context.ActiveProfiles] and class [com.example.mjfwnj.DemoApplicationTests]
15:54:10.726 [main] DEBUG org.springframework.context.annotation.ClassPathScanningCandidateComponentProvider - Identified candidate component class: file [/workspace/source/target/classes/com/example/mjfwnj/DemoApplication.class]
15:54:10.729 [main] INFO org.springframework.boot.test.context.SpringBootTestContextBootstrapper - Found @SpringBootConfiguration com.example.mjfwnj.DemoApplication for test class com.example.mjfwnj.DemoApplicationTests
15:54:10.863 [main] DEBUG org.springframework.boot.test.context.SpringBootTestContextBootstrapper - @TestExecutionListeners is not present for class [com.example.mjfwnj.DemoApplicationTests]: using defaults.
15:54:10.863 [main] INFO org.springframework.boot.test.context.SpringBootTestContextBootstrapper - Loaded default TestExecutionListener class names from location [META-INF/spring.factories]: [org.springframework.boot.test.mock.mockito.MockitoTestExecutionListener, org.springframework.boot.test.mock.mockito.ResetMocksTestExecutionListener, org.springframework.boot.test.autoconfigure.restdocs.RestDocsTestExecutionListener, org.springframework.boot.test.autoconfigure.web.client.MockRestServiceServerResetTestExecutionListener, org.springframework.boot.test.autoconfigure.web.servlet.MockMvcPrintOnlyOnFailureTestExecutionListener, org.springframework.boot.test.autoconfigure.web.servlet.WebDriverTestExecutionListener, org.springframework.test.context.web.ServletTestExecutionListener, org.springframework.test.context.support.DirtiesContextBeforeModesTestExecutionListener, org.springframework.test.context.support.DependencyInjectionTestExecutionListener, org.springframework.test.context.support.DirtiesContextTestExecutionListener, org.springframework.test.context.transaction.TransactionalTestExecutionListener, org.springframework.test.context.jdbc.SqlScriptsTestExecutionListener, org.springframework.test.context.event.EventPublishingTestExecutionListener]
15:54:10.922 [main] DEBUG org.springframework.boot.test.context.SpringBootTestContextBootstrapper - Skipping candidate TestExecutionListener [org.springframework.test.context.transaction.TransactionalTestExecutionListener] due to a missing dependency. Specify custom listener classes or make the default listener classes and their required dependencies available. Offending class: [org/springframework/transaction/TransactionDefinition]
15:54:10.929 [main] DEBUG org.springframework.boot.test.context.SpringBootTestContextBootstrapper - Skipping candidate TestExecutionListener [org.springframework.test.context.jdbc.SqlScriptsTestExecutionListener] due to a missing dependency. Specify custom listener classes or make the default listener classes and their required dependencies available. Offending class: [org/springframework/transaction/interceptor/TransactionAttribute]
15:54:10.932 [main] INFO org.springframework.boot.test.context.SpringBootTestContextBootstrapper - Using TestExecutionListeners: [org.springframework.test.context.web.ServletTestExecutionListener@505fc5a4, org.springframework.test.context.support.DirtiesContextBeforeModesTestExecutionListener@5fbdfdcf, org.springframework.boot.test.mock.mockito.MockitoTestExecutionListener@4efc180e, org.springframework.boot.test.autoconfigure.SpringBootDependencyInjectionTestExecutionListener@bd4dc25, org.springframework.test.context.support.DirtiesContextTestExecutionListener@25084a1e, org.springframework.test.context.event.EventPublishingTestExecutionListener@156b88f5, org.springframework.boot.test.mock.mockito.ResetMocksTestExecutionListener@3bf9ce3e, org.springframework.boot.test.autoconfigure.restdocs.RestDocsTestExecutionListener@16610890, org.springframework.boot.test.autoconfigure.web.client.MockRestServiceServerResetTestExecutionListener@71def8f8, org.springframework.boot.test.autoconfigure.web.servlet.MockMvcPrintOnlyOnFailureTestExecutionListener@383bfa16, org.springframework.boot.test.autoconfigure.web.servlet.WebDriverTestExecutionListener@4d465b11]
15:54:10.942 [main] DEBUG org.springframework.test.context.support.AbstractDirtiesContextTestExecutionListener - Before test class: context [DefaultTestContext@169e6180 testClass = DemoApplicationTests, testInstance = [null], testMethod = [null], testException = [null], mergedContextConfiguration = [WebMergedContextConfiguration@35aea049 testClass = DemoApplicationTests, locations = '{}', classes = '{class com.example.mjfwnj.DemoApplication}', contextInitializerClasses = '[]', activeProfiles = '{}', propertySourceLocations = '{}', propertySourceProperties = '{org.springframework.boot.test.context.SpringBootTestContextBootstrapper=true}', contextCustomizers = set[org.springframework.boot.test.context.filter.ExcludeFilterContextCustomizer@647fd8ce, org.springframework.boot.test.json.DuplicateJsonObjectContextCustomizerFactory$DuplicateJsonObjectContextCustomizer@5dd6264, org.springframework.boot.test.mock.mockito.MockitoContextCustomizer@0, org.springframework.boot.test.web.client.TestRestTemplateContextCustomizer@3967e60c, org.springframework.boot.test.autoconfigure.properties.PropertyMappingContextCustomizer@0, org.springframework.boot.test.autoconfigure.web.servlet.WebDriverContextCustomizerFactory$Customizer@10e92f8f], resourceBasePath = 'src/main/webapp', contextLoader = 'org.springframework.boot.test.context.SpringBootContextLoader', parent = [null]], attributes = map['org.springframework.test.context.web.ServletTestExecutionListener.activateListener' -> true]], class annotated with @DirtiesContext [false] with mode [null].
15:54:11.031 [main] DEBUG org.springframework.test.context.support.TestPropertySourceUtils - Adding inlined properties to environment: {spring.jmx.enabled=false, org.springframework.boot.test.context.SpringBootTestContextBootstrapper=true, server.port=-1}

  .   ____          _            __ _ _
 /\\ / ___'_ __ _ _(_)_ __  __ _ \ \ \ \
( ( )\___ | '_ | '_| | '_ \/ _` | \ \ \ \
 \\/  ___)| |_)| | | | | || (_| |  ) ) ) )
  '  |____| .__|_| |_|_| |_\__, | / / / /
 =========|_|==============|___/=/_/_/_/
 :: Spring Boot ::        (v2.2.1.RELEASE)

2019-11-21 15:54:11.532  INFO 66 --- [           main] com.example.mjfwnj.DemoApplicationTests  : Starting DemoApplicationTests on ***********-mjfwnj-master-1-from-build-pack-8slnl-pod-7f6c65 with PID 66 (started by root in /workspace/source)
2019-11-21 15:54:11.537  INFO 66 --- [           main] com.example.mjfwnj.DemoApplicationTests  : No active profile set, falling back to default profiles: default
2019-11-21 15:54:16.528  INFO 66 --- [           main] o.s.s.concurrent.ThreadPoolTaskExecutor  : Initializing ExecutorService 'applicationTaskExecutor'
2019-11-21 15:54:18.139  INFO 66 --- [           main] o.s.b.a.e.web.EndpointLinksResolver      : Exposing 2 endpoint(s) beneath base path '/actuator'
2019-11-21 15:54:18.262  INFO 66 --- [           main] com.example.mjfwnj.DemoApplicationTests  : Started DemoApplicationTests in 7.217 seconds (JVM running for 9.398)
[INFO] Tests run: 1, Failures: 0, Errors: 0, Skipped: 0, Time elapsed: 8.782 s - in com.example.mjfwnj.DemoApplicationTests
2019-11-21 15:54:18.923  INFO 66 --- [extShutdownHook] o.s.s.concurrent.ThreadPoolTaskExecutor  : Shutting down ExecutorService 'applicationTaskExecutor'
[INFO] 
[INFO] Results:
[INFO] 
[INFO] Tests run: 1, Failures: 0, Errors: 0, Skipped: 0
[INFO] 
[INFO] 
[INFO] --- maven-jar-plugin:3.1.2:jar (default-jar) @ mjfwnj ---
[INFO] Building jar: /workspace/source/target/mjfwnj-0.0.1.jar
[INFO] 
[INFO] --- spring-boot-maven-plugin:2.2.1.RELEASE:repackage (repackage) @ mjfwnj ---
[INFO] Replacing main artifact with repackaged archive
[INFO] 
[INFO] --- maven-install-plugin:2.5.2:install (default-install) @ mjfwnj ---
[INFO] Installing /workspace/source/target/mjfwnj-0.0.1.jar to /root/.mvnrepository/com/example/mjfwnj/0.0.1/mjfwnj-0.0.1.jar
[INFO] Installing /workspace/source/pom.xml to /root/.mvnrepository/com/example/mjfwnj/0.0.1/mjfwnj-0.0.1.pom
[INFO] 
[INFO] --- maven-deploy-plugin:2.8.2:deploy (default-deploy) @ mjfwnj ---
[INFO] Using alternate deployment repository nexus::default::http://nexus/repository/maven-releases/
[INFO] ------------------------------------------------------------------------
[INFO] BUILD SUCCESS
[INFO] ------------------------------------------------------------------------
[INFO] Total time:  48.330 s
[INFO] Finished at: 2019-11-21T15:54:28Z
[INFO] ------------------------------------------------------------------------

Showing logs for build [32mprasadsajja-mjfwnj-master-1[0m stage [32mfrom-build-pack[0m and container [32mstep-build-skaffold-version[0m
v1.0.0

Showing logs for build [32mprasadsajja-mjfwnj-master-1[0m stage [32mfrom-build-pack[0m and container [32mstep-build-container-build[0m
[36mINFO[0m[0000] Downloading base image openjdk:8-jdk-slim    
[36mINFO[0m[0000] Error while retrieving image from cache: getting file info: stat /workspace/sha256:2f75fd4d652d8a4730b0e4ebbc9609e019283536e63aab95d30fb7c7f8d444fb: no such file or directory 
[36mINFO[0m[0000] Downloading base image openjdk:8-jdk-slim    
[36mINFO[0m[0000] cmd: EXPOSE                                  
[36mINFO[0m[0000] Adding exposed port: 8080/tcp                
[36mINFO[0m[0000] Using files from context: [/workspace/source/pom.xml] 
[36mINFO[0m[0000] Using files from context: [/workspace/source/target/mjfwnj-0.0.1.jar] 
[36mINFO[0m[0000] Skipping unpacking as no commands require it. 
[36mINFO[0m[0000] Taking snapshot of full filesystem...        
[36mINFO[0m[0000] ENV PORT 8080                                
[36mINFO[0m[0000] No files changed in this command, skipping snapshotting. 
[36mINFO[0m[0000] ENV CLASSPATH /opt/lib                       
[36mINFO[0m[0000] No files changed in this command, skipping snapshotting. 
[36mINFO[0m[0000] EXPOSE 8080                                  
[36mINFO[0m[0000] cmd: EXPOSE                                  
[36mINFO[0m[0000] Adding exposed port: 8080/tcp                
[36mINFO[0m[0000] No files changed in this command, skipping snapshotting. 
[36mINFO[0m[0000] Using files from context: [/workspace/source/pom.xml] 
[36mINFO[0m[0000] COPY pom.xml target/lib* /opt/lib/           
[36mINFO[0m[0000] Taking snapshot of files...                  
[36mINFO[0m[0000] Using files from context: [/workspace/source/target/mjfwnj-0.0.1.jar] 
[36mINFO[0m[0000] COPY target/*.jar /opt/app.jar               
[36mINFO[0m[0000] Taking snapshot of files...                  
[36mINFO[0m[0001] WORKDIR /opt                                 
[36mINFO[0m[0001] cmd: workdir                                 
[36mINFO[0m[0001] Changed working directory to /opt            
[36mINFO[0m[0001] No files changed in this command, skipping snapshotting. 
[36mINFO[0m[0001] CMD ["java", "-XX:+UnlockExperimentalVMOptions", "-XX:+UseCGroupMemoryLimitForHeap", "-jar", "app.jar"] 
[36mINFO[0m[0001] No files changed in this command, skipping snapshotting. 
error pushing image: failed to push to destination 870074469061.dkr.ecr.us-east-1.amazonaws.com/***********/mjfwnj:0.0.1: DENIED: User: arn:aws:sts::870074469061:assumed-role/MJfreeway-workernodes-NodeInstanceRole-1MLED55WHB234/i-0c8b89494b01ebe1a is not authorized to perform: ecr:InitiateLayerUpload on resource: arn:aws:ecr:us-east-1:870074469061:repository/***********/mjfwnj
[31m
Pipeline failed on stage 'from-build-pack' : container 'step-build-container-build'. The execution of the pipeline has stopped.[0m
